GET -/admin/register - Fri, 26 Sep 2025 10:42:20 GMT - 258.484 ms
GET -/ - Fri, 26 Sep 2025 10:42:25 GMT - 16.589 ms
GET -/admin/register - Fri, 26 Sep 2025 10:42:28 GMT - 25.089 ms
GET -/admin/login - Fri, 26 Sep 2025 10:42:35 GMT - 5.928 ms
GET -/assets/css/style.css - Fri, 26 Sep 2025 10:42:35 GMT - 6.235 ms
GET -/assets/js/main.js - Fri, 26 Sep 2025 10:42:35 GMT - 1.088 ms
GET -/ - Mon, 29 Sep 2025 10:52:30 GMT - 137.171 ms
GET -/admin/dashboard - Mon, 29 Sep 2025 10:52:30 GMT - 39.819 ms
GET -/assets/css/style.css - Mon, 29 Sep 2025 10:52:30 GMT - 1.744 ms
GET -/admin/logout - Mon, 29 Sep 2025 10:52:36 GMT - 1.634 ms
GET -/admin/login - Mon, 29 Sep 2025 10:52:36 GMT - 6.508 ms
GET -/assets/css/style.css - Mon, 29 Sep 2025 10:52:36 GMT - 0.533 ms
GET -/assets/js/main.js - Mon, 29 Sep 2025 10:52:36 GMT - 0.478 ms
POST -/admin/login - Mon, 29 Sep 2025 10:52:40 GMT - 0.457 ms
GET -/admin/dashboard - Mon, 29 Sep 2025 10:52:40 GMT - 17.219 ms
GET -/assets/css/style.css - Mon, 29 Sep 2025 10:52:40 GMT - 1.974 ms
GET -/admin/login - Mon, 29 Sep 2025 10:52:44 GMT - 7.966 ms
GET -/assets/css/style.css - Mon, 29 Sep 2025 10:52:44 GMT - 0.464 ms
GET -/assets/js/main.js - Mon, 29 Sep 2025 10:52:44 GMT - 0.715 ms
GET -/logn - Mon, 29 Sep 2025 10:52:54 GMT - 1.175 ms
GET -/login - Mon, 29 Sep 2025 10:52:56 GMT - 0.212 ms
GET -/admin/login - Mon, 29 Sep 2025 10:53:08 GMT - 8.945 ms
GET -/assets/css/style.css - Mon, 29 Sep 2025 10:53:08 GMT - 0.621 ms
GET -/assets/js/main.js - Mon, 29 Sep 2025 10:53:08 GMT - 1.162 ms
GET -/admin/register - Mon, 29 Sep 2025 10:53:15 GMT - 28.058 ms
GET -/admin/register?username=a&email=a%40gmail.com&password=1 - Mon, 29 Sep 2025 10:53:30 GMT - 11.505 ms
